<?xml version="1.0" encoding="UTF-8"?>
<testng-results ignored="0" total="2" passed="2" failed="0" skipped="0">
  <reporter-output>
  </reporter-output>
  <suite started-at="2024-12-11T12:20:50 ART" name="All Test Suite" finished-at="2024-12-11T12:21:05 ART" duration-ms="14819">
    <groups>
    </groups>
    <test started-at="2024-12-11T12:20:50 ART" name="C:/Users/Marcelo/IdeaProjects/TestNG4/src/test/java/com/saucedemo" finished-at="2024-12-11T12:21:05 ART" duration-ms="14819">
      <class name="com.saucedemo.test1">
        <test-method is-config="true" signature="conexion()[pri:0, instance:com.saucedemo.test1@6ab7a896]" started-at="2024-12-11T12:20:50 ART" name="conexion" finished-at="2024-12-11T12:20:54 ART" duration-ms="4044" status="PASS">
          <reporter-output>
          </reporter-output>
        </test-method> <!-- conexion -->
        <test-method signature="mi_test()[pri:0, instance:com.saucedemo.test1@6ab7a896]" started-at="2024-12-11T12:20:58 ART" name="mi_test" finished-at="2024-12-11T12:21:02 ART" duration-ms="4242" status="PASS">
          <reporter-output>
          </reporter-output>
        </test-method> <!-- mi_test -->
        <test-method is-config="true" signature="cerrar()[pri:0, instance:com.saucedemo.test1@6ab7a896]" started-at="2024-12-11T12:21:04 ART" name="cerrar" finished-at="2024-12-11T12:21:04 ART" duration-ms="187" status="PASS">
          <reporter-output>
          </reporter-output>
        </test-method> <!-- cerrar -->
      </class> <!-- com.saucedemo.test1 -->
      <class name="com.saucedemo.test2">
        <test-method is-config="true" signature="conexion()[pri:0, instance:com.saucedemo.test2@71c8becc]" started-at="2024-12-11T12:20:54 ART" name="conexion" finished-at="2024-12-11T12:20:58 ART" duration-ms="3792" status="PASS">
          <reporter-output>
          </reporter-output>
        </test-method> <!-- conexion -->
        <test-method signature="mi_test()[pri:0, instance:com.saucedemo.test2@71c8becc]" started-at="2024-12-11T12:21:02 ART" name="mi_test" finished-at="2024-12-11T12:21:04 ART" duration-ms="2282" status="PASS">
          <reporter-output>
          </reporter-output>
        </test-method> <!-- mi_test -->
        <test-method is-config="true" signature="cerrar()[pri:0, instance:com.saucedemo.test2@71c8becc]" started-at="2024-12-11T12:21:04 ART" name="cerrar" finished-at="2024-12-11T12:21:05 ART" duration-ms="234" status="PASS">
          <reporter-output>
          </reporter-output>
        </test-method> <!-- cerrar -->
      </class> <!-- com.saucedemo.test2 -->
    </test> <!-- C:/Users/Marcelo/IdeaProjects/TestNG4/src/test/java/com/saucedemo -->
  </suite> <!-- All Test Suite -->
</testng-results>
